<?xml version="1.0" encoding="utf-8" standalone="no"?>
<!--This file represents the results of running a test suite-->
<test-results name="C:\Users\ian\code\bjss-interview01\XProc\CoreUnitTest\IGilham.XProc.CoreUnitTest.csproj" total="2" errors="0" failures="0" not-run="0" inconclusive="0" ignored="0" skipped="0" invalid="0" date="2012-08-18" time="11:52:04">
  <environment nunit-version="2.6.1.12217" clr-version="2.0.50727.5456" os-version="Microsoft Windows NT 6.1.7601 Service Pack 1" platform="Win32NT" cwd="C:\Users\ian\code\bjss-interview01\XProc\CoreUnitTest" machine-name="IAN-PC" user="ian" user-domain="ian-PC" />
  <culture-info current-culture="en-GB" current-uiculture="en-US" />
  <test-suite type="Project" name="C:\Users\ian\code\bjss-interview01\XProc\CoreUnitTest\IGilham.XProc.CoreUnitTest.csproj" executed="True" result="Success" success="True" time="1.376" asserts="0">
    <results>
      <test-suite type="Assembly" name="C:\Users\ian\code\bjss-interview01\XProc\CoreUnitTest\bin\Debug\CoreUnitTest.dll" executed="True" result="Success" success="True" time="1.353" asserts="0">
        <results>
          <test-suite type="Namespace" name="IGilham" executed="True" result="Success" success="True" time="1.353" asserts="0">
            <results>
              <test-suite type="Namespace" name="XProc" executed="True" result="Success" success="True" time="1.353" asserts="0">
                <results>
                  <test-suite type="Namespace" name="CoreUnitTest" executed="True" result="Success" success="True" time="1.353" asserts="0">
                    <results>
                      <test-suite type="TestFixture" name="XslTransformTest" executed="True" result="Success" success="True" time="1.350" asserts="0">
                        <results>
                          <test-case name="IGilham.XProc.CoreUnitTest.XslTransformTest.EnsureBlankStylesheetDoesNothing" executed="True" result="Success" success="True" time="1.319" asserts="2" />
                          <test-case name="IGilham.XProc.CoreUnitTest.XslTransformTest.EnsureTestDataAvailable" executed="True" result="Success" success="True" time="0.006" asserts="2" />
                        </results>
                      </test-suite>
                    </results>
                  </test-suite>
                </results>
              </test-suite>
            </results>
          </test-suite>
        </results>
      </test-suite>
    </results>
  </test-suite>
</test-results>