<?xml version="1.0" encoding="utf-8" standalone="no"?>
<!--This file represents the results of running a test suite-->
<test-results name="C:\Users\ian\code\bjss-interview01\XProc\Core\IGilham.Xproc.Core.csproj" total="0" errors="0" failures="0" not-run="0" inconclusive="0" ignored="0" skipped="0" invalid="0" date="2012-08-18" time="18:59:20">
  <environment nunit-version="2.6.1.12217" clr-version="2.0.50727.5456" os-version="Microsoft Windows NT 6.1.7601 Service Pack 1" platform="Win32NT" cwd="C:\Users\ian\code\bjss-interview01\XProc\Core" machine-name="IAN-PC" user="ian" user-domain="ian-PC" />
  <culture-info current-culture="en-GB" current-uiculture="en-US" />
  <test-suite type="Project" name="C:\Users\ian\code\bjss-interview01\XProc\Core\IGilham.Xproc.Core.csproj" executed="True" result="Inconclusive" success="False" time="0.031" asserts="0">
    <results>
      <test-suite type="Assembly" name="C:\Users\ian\code\bjss-interview01\XProc\Core\bin\Debug\Core.dll" executed="True" result="Inconclusive" success="False" time="0.000" asserts="0" />
    </results>
  </test-suite>
</test-results>